<?xml version="1.0" encoding="UTF-8"?>
<!-- Generated by org.testng.reporters.JUnitXMLReporter -->
<testsuite ignored="2" hostname="CPU-0163" failures="2" tests="3" name="From Login Screen" time="270.511" errors="0" timestamp="2022-03-08T14:10:32 IST">
  <testcase classname="Base.Mobile_Base" name="@AfterMethod appium_server_stop" time="6.194">
    <failure type="org.openqa.selenium.WebDriverException" message="An unknown server-side error occurred while processing the command. Original error: Could not proxy command to remote server. Original error: Error: socket hang up
Build info: version: &amp;apos;3.141.59&amp;apos;, revision: &amp;apos;e82be7d358&amp;apos;, time: &amp;apos;2018-11-14T08:17:03&amp;apos;
System info: host: &amp;apos;CPU-0163&amp;apos;, ip: &amp;apos;192.168.56.1&amp;apos;, os.name: &amp;apos;Windows 10&amp;apos;, os.arch: &amp;apos;amd64&amp;apos;, os.version: &amp;apos;10.0&amp;apos;, java.version: &amp;apos;17.0.1&amp;apos;
Driver info: io.appium.java_client.AppiumDriver
Capabilities {appActivity: za.co.travelstart.flapp.Mai..., appPackage: za.co.travelstart.flapp, automationName: UiAutomator2, databaseEnabled: false, desired: {appActivity: za.co.travelstart.flapp.Mai..., appPackage: za.co.travelstart.flapp, automationName: UiAutomator2, deviceName: SM G991U1, platformName: android, platformVersion: 12}, deviceApiLevel: 31, deviceManufacturer: samsung, deviceModel: SM-G991U1, deviceName: R5CR60BYE2X, deviceScreenDensity: 480, deviceScreenSize: 1080x2400, deviceUDID: R5CR60BYE2X, javascriptEnabled: true, locationContextEnabled: false, networkConnectionEnabled: true, pixelRatio: 3, platform: LINUX, platformName: Android, platformVersion: 12, statBarHeight: 79, takesScreenshot: true, viewportRect: {height: 2097, left: 0, top: 79, width: 1080}, warnings: {}, webStorageEnabled: false}
Session ID: ebf35f3b-2d0d-4041-85e0-c96bb44a8693">
      <![CDATA[org.openqa.selenium.WebDriverException: An unknown server-side error occurred while processing the command. Original error: Could not proxy command to remote server. Original error: Error: socket hang up
Build info: version: '3.141.59', revision: 'e82be7d358', time: '2018-11-14T08:17:03'
System info: host: 'CPU-0163', ip: '192.168.56.1', os.name: 'Windows 10', os.arch: 'amd64', os.version: '10.0', java.version: '17.0.1'
Driver info: io.appium.java_client.AppiumDriver
Capabilities {appActivity: za.co.travelstart.flapp.Mai..., appPackage: za.co.travelstart.flapp, automationName: UiAutomator2, databaseEnabled: false, desired: {appActivity: za.co.travelstart.flapp.Mai..., appPackage: za.co.travelstart.flapp, automationName: UiAutomator2, deviceName: SM G991U1, platformName: android, platformVersion: 12}, deviceApiLevel: 31, deviceManufacturer: samsung, deviceModel: SM-G991U1, deviceName: R5CR60BYE2X, deviceScreenDensity: 480, deviceScreenSize: 1080x2400, deviceUDID: R5CR60BYE2X, javascriptEnabled: true, locationContextEnabled: false, networkConnectionEnabled: true, pixelRatio: 3, platform: LINUX, platformName: Android, platformVersion: 12, statBarHeight: 79, takesScreenshot: true, viewportRect: {height: 2097, left: 0, top: 79, width: 1080}, warnings: {}, webStorageEnabled: false}
Session ID: ebf35f3b-2d0d-4041-85e0-c96bb44a8693
at org.openqa.selenium.remote.http.W3CHttpResponseCodec.createException(W3CHttpResponseCodec.java:187)
at org.openqa.selenium.remote.http.W3CHttpResponseCodec.decode(W3CHttpResponseCodec.java:122)
at org.openqa.selenium.remote.http.W3CHttpResponseCodec.decode(W3CHttpResponseCodec.java:49)
at org.openqa.selenium.remote.HttpCommandExecutor.execute(HttpCommandExecutor.java:158)
at io.appium.java_client.remote.AppiumCommandExecutor.execute(AppiumCommandExecutor.java:247)
at org.openqa.selenium.remote.RemoteWebDriver.execute(RemoteWebDriver.java:552)
at io.appium.java_client.DefaultGenericMobileDriver.execute(DefaultGenericMobileDriver.java:45)
at io.appium.java_client.AppiumDriver.execute(AppiumDriver.java:1)
at org.openqa.selenium.remote.RemoteWebDriver.getScreenshotAs(RemoteWebDriver.java:295)
at Utilities.Screenshots.getScreenshot(Screenshots.java:20)
at Base.Mobile_Base.appium_server_stop(Mobile_Base.java:131)
at java.base/java.util.ArrayList.forEach(ArrayList.java:1511)
... Removed 37 stack frames]]>
    </failure>
  </testcase> <!-- @AfterMethod appium_server_stop -->
  <testcase classname="Mobile.GuestLogin" name="ValidateGuestLoginCreateMYAccountFlow" time="133.018"/>
  <testcase classname="Mobile.GuestLogin" name="ValidateGuestLoginfromHomeScreen" time="42.838">
    <failure type="org.openqa.selenium.WebDriverException" message="An unknown server-side error occurred while processing the command. Original error: Could not proxy command to remote server. Original error: Error: socket hang up
Build info: version: &amp;apos;3.141.59&amp;apos;, revision: &amp;apos;e82be7d358&amp;apos;, time: &amp;apos;2018-11-14T08:17:03&amp;apos;
System info: host: &amp;apos;CPU-0163&amp;apos;, ip: &amp;apos;192.168.56.1&amp;apos;, os.name: &amp;apos;Windows 10&amp;apos;, os.arch: &amp;apos;amd64&amp;apos;, os.version: &amp;apos;10.0&amp;apos;, java.version: &amp;apos;17.0.1&amp;apos;
Driver info: io.appium.java_client.AppiumDriver
Capabilities {appActivity: za.co.travelstart.flapp.Mai..., appPackage: za.co.travelstart.flapp, automationName: UiAutomator2, databaseEnabled: false, desired: {appActivity: za.co.travelstart.flapp.Mai..., appPackage: za.co.travelstart.flapp, automationName: UiAutomator2, deviceName: SM G991U1, platformName: android, platformVersion: 12}, deviceApiLevel: 31, deviceManufacturer: samsung, deviceModel: SM-G991U1, deviceName: R5CR60BYE2X, deviceScreenDensity: 480, deviceScreenSize: 1080x2400, deviceUDID: R5CR60BYE2X, javascriptEnabled: true, locationContextEnabled: false, networkConnectionEnabled: true, pixelRatio: 3, platform: LINUX, platformName: Android, platformVersion: 12, statBarHeight: 79, takesScreenshot: true, viewportRect: {height: 2097, left: 0, top: 79, width: 1080}, warnings: {}, webStorageEnabled: false}
Session ID: ebf35f3b-2d0d-4041-85e0-c96bb44a8693
*** Element info: {Using=xpath, value=//android.widget.Button[@text=&amp;apos;Dismiss&amp;apos;]}">
      <![CDATA[org.openqa.selenium.WebDriverException: An unknown server-side error occurred while processing the command. Original error: Could not proxy command to remote server. Original error: Error: socket hang up
Build info: version: '3.141.59', revision: 'e82be7d358', time: '2018-11-14T08:17:03'
System info: host: 'CPU-0163', ip: '192.168.56.1', os.name: 'Windows 10', os.arch: 'amd64', os.version: '10.0', java.version: '17.0.1'
Driver info: io.appium.java_client.AppiumDriver
Capabilities {appActivity: za.co.travelstart.flapp.Mai..., appPackage: za.co.travelstart.flapp, automationName: UiAutomator2, databaseEnabled: false, desired: {appActivity: za.co.travelstart.flapp.Mai..., appPackage: za.co.travelstart.flapp, automationName: UiAutomator2, deviceName: SM G991U1, platformName: android, platformVersion: 12}, deviceApiLevel: 31, deviceManufacturer: samsung, deviceModel: SM-G991U1, deviceName: R5CR60BYE2X, deviceScreenDensity: 480, deviceScreenSize: 1080x2400, deviceUDID: R5CR60BYE2X, javascriptEnabled: true, locationContextEnabled: false, networkConnectionEnabled: true, pixelRatio: 3, platform: LINUX, platformName: Android, platformVersion: 12, statBarHeight: 79, takesScreenshot: true, viewportRect: {height: 2097, left: 0, top: 79, width: 1080}, warnings: {}, webStorageEnabled: false}
Session ID: ebf35f3b-2d0d-4041-85e0-c96bb44a8693
*** Element info: {Using=xpath, value=//android.widget.Button[@text='Dismiss']}
at org.openqa.selenium.remote.http.W3CHttpResponseCodec.createException(W3CHttpResponseCodec.java:187)
at org.openqa.selenium.remote.http.W3CHttpResponseCodec.decode(W3CHttpResponseCodec.java:122)
at org.openqa.selenium.remote.http.W3CHttpResponseCodec.decode(W3CHttpResponseCodec.java:49)
at org.openqa.selenium.remote.HttpCommandExecutor.execute(HttpCommandExecutor.java:158)
at io.appium.java_client.remote.AppiumCommandExecutor.execute(AppiumCommandExecutor.java:247)
at org.openqa.selenium.remote.RemoteWebDriver.execute(RemoteWebDriver.java:552)
at io.appium.java_client.DefaultGenericMobileDriver.execute(DefaultGenericMobileDriver.java:41)
at io.appium.java_client.AppiumDriver.execute(AppiumDriver.java:1)
at org.openqa.selenium.remote.RemoteWebDriver.findElement(RemoteWebDriver.java:323)
at io.appium.java_client.DefaultGenericMobileDriver.findElement(DefaultGenericMobileDriver.java:61)
at io.appium.java_client.AppiumDriver.findElement(AppiumDriver.java:1)
at org.openqa.selenium.remote.RemoteWebDriver.findElementByXPath(RemoteWebDriver.java:428)
at io.appium.java_client.DefaultGenericMobileDriver.findElementByXPath(DefaultGenericMobileDriver.java:151)
at io.appium.java_client.AppiumDriver.findElementByXPath(AppiumDriver.java:1)
at mobilePOM.TravelStart_Mobile_Index.DismissButton(TravelStart_Mobile_Index.java:131)
at mobilePOM.TravelStart_Mobile_Index.verifyHeader(TravelStart_Mobile_Index.java:636)
at Utilities.ReusableMethods.verifysocialreuse(ReusableMethods.java:229)
at Mobile.GuestLogin.ValidateGuestLoginfromHomeScreen(GuestLogin.java:34)
at java.base/java.util.ArrayList.forEach(ArrayList.java:1511)
... Removed 32 stack frames]]>
    </failure>
  </testcase> <!-- ValidateGuestLoginfromHomeScreen -->
  <testcase classname="Mobile.demo" name="AppIndexPage" time="23.918">
    <failure type="java.lang.NullPointerException" message="Cannot invoke &amp;quot;org.apache.poi.xssf.usermodel.XSSFCell.getCellType()&amp;quot; because &amp;quot;Utilities.Excel_Utilities.Cell&amp;quot; is null">
      <![CDATA[java.lang.NullPointerException: Cannot invoke "org.apache.poi.xssf.usermodel.XSSFCell.getCellType()" because "Utilities.Excel_Utilities.Cell" is null
at Utilities.Excel_Utilities.getCellData(Excel_Utilities.java:42)
at Mobile.demo.AppIndexPage(demo.java:56)
at java.base/java.util.ArrayList.forEach(ArrayList.java:1511)
... Removed 27 stack frames]]>
    </failure>
  </testcase> <!-- AppIndexPage -->
  <testcase classname="Base.Mobile_Base" name="@AfterSuite flush" time="0.0">
    <ignored/>
  </testcase> <!-- @AfterSuite flush -->
  <testcase classname="Base.Mobile_Base" name="@BeforeSuite report" time="0.0">
    <ignored/>
  </testcase> <!-- @BeforeSuite report -->
</testsuite> <!-- From Login Screen -->
