<?xml version="1.0" encoding="UTF-8"?>
<!-- Generated by org.testng.reporters.JUnitXMLReporter -->
<testsuite ignored="4" hostname="CPU-0163" failures="11" tests="14" name="Mobile_Test" time="1159.419" errors="0" timestamp="2022-02-09T02:04:24 IST">
  <testcase classname="Mobile.GuestLogin" name="AppIndexPage" time="39.246">
    <failure type="org.openqa.selenium.NoSuchElementException" message="An element could not be located on the page using the given search parameters.
For documentation on this error, please visit: https://www.seleniumhq.org/exceptions/no_such_element.html
Build info: version: &amp;apos;3.141.59&amp;apos;, revision: &amp;apos;e82be7d358&amp;apos;, time: &amp;apos;2018-11-14T08:17:03&amp;apos;
System info: host: &amp;apos;CPU-0163&amp;apos;, ip: &amp;apos;192.168.56.1&amp;apos;, os.name: &amp;apos;Windows 10&amp;apos;, os.arch: &amp;apos;amd64&amp;apos;, os.version: &amp;apos;10.0&amp;apos;, java.version: &amp;apos;17.0.1&amp;apos;
Driver info: io.appium.java_client.AppiumDriver
Capabilities {appActivity: za.co.travelstart.flapp.Mai..., appPackage: za.co.travelstart.flapp.beta, automationName: UiAutomator2, databaseEnabled: false, desired: {appActivity: za.co.travelstart.flapp.Mai..., appPackage: za.co.travelstart.flapp.beta, automationName: UiAutomator2, deviceName: R5CR60BYE2X, platformName: android, platformVersion: 12}, deviceApiLevel: 31, deviceManufacturer: samsung, deviceModel: SM-G991U1, deviceName: R5CR60BYE2X, deviceScreenDensity: 480, deviceScreenSize: 1080x2400, deviceUDID: R5CR60BYE2X, javascriptEnabled: true, locationContextEnabled: false, networkConnectionEnabled: true, pixelRatio: 3, platform: LINUX, platformName: Android, platformVersion: 12, statBarHeight: 79, takesScreenshot: true, viewportRect: {height: 2097, left: 0, top: 79, width: 1080}, warnings: {}, webStorageEnabled: false}
Session ID: 9519ad61-1b9c-4249-ad62-6b2a07da1065
*** Element info: {Using=xpath, value=//android.widget.Button[@text=&amp;apos;Dismiss&amp;apos;]}">
      <![CDATA[org.openqa.selenium.NoSuchElementException: An element could not be located on the page using the given search parameters.
For documentation on this error, please visit: https://www.seleniumhq.org/exceptions/no_such_element.html
Build info: version: '3.141.59', revision: 'e82be7d358', time: '2018-11-14T08:17:03'
System info: host: 'CPU-0163', ip: '192.168.56.1', os.name: 'Windows 10', os.arch: 'amd64', os.version: '10.0', java.version: '17.0.1'
Driver info: io.appium.java_client.AppiumDriver
Capabilities {appActivity: za.co.travelstart.flapp.Mai..., appPackage: za.co.travelstart.flapp.beta, automationName: UiAutomator2, databaseEnabled: false, desired: {appActivity: za.co.travelstart.flapp.Mai..., appPackage: za.co.travelstart.flapp.beta, automationName: UiAutomator2, deviceName: R5CR60BYE2X, platformName: android, platformVersion: 12}, deviceApiLevel: 31, deviceManufacturer: samsung, deviceModel: SM-G991U1, deviceName: R5CR60BYE2X, deviceScreenDensity: 480, deviceScreenSize: 1080x2400, deviceUDID: R5CR60BYE2X, javascriptEnabled: true, locationContextEnabled: false, networkConnectionEnabled: true, pixelRatio: 3, platform: LINUX, platformName: Android, platformVersion: 12, statBarHeight: 79, takesScreenshot: true, viewportRect: {height: 2097, left: 0, top: 79, width: 1080}, warnings: {}, webStorageEnabled: false}
Session ID: 9519ad61-1b9c-4249-ad62-6b2a07da1065
*** Element info: {Using=xpath, value=//android.widget.Button[@text='Dismiss']}
at org.openqa.selenium.remote.http.W3CHttpResponseCodec.createException(W3CHttpResponseCodec.java:187)
at org.openqa.selenium.remote.http.W3CHttpResponseCodec.decode(W3CHttpResponseCodec.java:122)
at org.openqa.selenium.remote.http.W3CHttpResponseCodec.decode(W3CHttpResponseCodec.java:49)
at org.openqa.selenium.remote.HttpCommandExecutor.execute(HttpCommandExecutor.java:158)
at io.appium.java_client.remote.AppiumCommandExecutor.execute(AppiumCommandExecutor.java:247)
at org.openqa.selenium.remote.RemoteWebDriver.execute(RemoteWebDriver.java:552)
at io.appium.java_client.DefaultGenericMobileDriver.execute(DefaultGenericMobileDriver.java:41)
at io.appium.java_client.AppiumDriver.execute(AppiumDriver.java:1)
at org.openqa.selenium.remote.RemoteWebDriver.findElement(RemoteWebDriver.java:323)
at io.appium.java_client.DefaultGenericMobileDriver.findElement(DefaultGenericMobileDriver.java:61)
at io.appium.java_client.AppiumDriver.findElement(AppiumDriver.java:1)
at org.openqa.selenium.remote.RemoteWebDriver.findElementByXPath(RemoteWebDriver.java:428)
at io.appium.java_client.DefaultGenericMobileDriver.findElementByXPath(DefaultGenericMobileDriver.java:151)
at io.appium.java_client.AppiumDriver.findElementByXPath(AppiumDriver.java:1)
at mobilePOM.TravelStart_Mobile_Index.DismissButton(TravelStart_Mobile_Index.java:121)
at mobilePOM.TravelStart_Mobile_Index.verifyHeader(TravelStart_Mobile_Index.java:550)
at Utilities.ReusableMethods.verifysocialreuse(ReusableMethods.java:191)
at Mobile.GuestLogin.AppIndexPage(GuestLogin.java:34)
at java.base/java.util.ArrayList.forEach(ArrayList.java:1511)
... Removed 32 stack frames]]>
    </failure>
  </testcase> <!-- AppIndexPage -->
  <testcase classname="Mobile.GuestLogin" name="AppIndexPage1" time="30.55"/>
  <testcase classname="Mobile.GuestLogin" name="AppIndexPage2" time="52.93">
    <failure type="org.openqa.selenium.WebDriverException" message="An unknown server-side error occurred while processing the command. Original error: Could not proxy command to remote server. Original error: Error: socket hang up
Build info: version: &amp;apos;3.141.59&amp;apos;, revision: &amp;apos;e82be7d358&amp;apos;, time: &amp;apos;2018-11-14T08:17:03&amp;apos;
System info: host: &amp;apos;CPU-0163&amp;apos;, ip: &amp;apos;192.168.56.1&amp;apos;, os.name: &amp;apos;Windows 10&amp;apos;, os.arch: &amp;apos;amd64&amp;apos;, os.version: &amp;apos;10.0&amp;apos;, java.version: &amp;apos;17.0.1&amp;apos;
Driver info: io.appium.java_client.AppiumDriver
Capabilities {appActivity: za.co.travelstart.flapp.Mai..., appPackage: za.co.travelstart.flapp.beta, automationName: UiAutomator2, databaseEnabled: false, desired: {appActivity: za.co.travelstart.flapp.Mai..., appPackage: za.co.travelstart.flapp.beta, automationName: UiAutomator2, deviceName: R5CR60BYE2X, platformName: android, platformVersion: 12}, deviceApiLevel: 31, deviceManufacturer: samsung, deviceModel: SM-G991U1, deviceName: R5CR60BYE2X, deviceScreenDensity: 480, deviceScreenSize: 1080x2400, deviceUDID: R5CR60BYE2X, javascriptEnabled: true, locationContextEnabled: false, networkConnectionEnabled: true, pixelRatio: 3, platform: LINUX, platformName: Android, platformVersion: 12, statBarHeight: 79, takesScreenshot: true, viewportRect: {height: 2097, left: 0, top: 79, width: 1080}, warnings: {}, webStorageEnabled: false}
Session ID: 79cc796e-1015-4900-8c24-5da33dbbb9f1
*** Element info: {Using=xpath, value=//android.widget.Button[@text=&amp;apos;Dismiss&amp;apos;]}">
      <![CDATA[org.openqa.selenium.WebDriverException: An unknown server-side error occurred while processing the command. Original error: Could not proxy command to remote server. Original error: Error: socket hang up
Build info: version: '3.141.59', revision: 'e82be7d358', time: '2018-11-14T08:17:03'
System info: host: 'CPU-0163', ip: '192.168.56.1', os.name: 'Windows 10', os.arch: 'amd64', os.version: '10.0', java.version: '17.0.1'
Driver info: io.appium.java_client.AppiumDriver
Capabilities {appActivity: za.co.travelstart.flapp.Mai..., appPackage: za.co.travelstart.flapp.beta, automationName: UiAutomator2, databaseEnabled: false, desired: {appActivity: za.co.travelstart.flapp.Mai..., appPackage: za.co.travelstart.flapp.beta, automationName: UiAutomator2, deviceName: R5CR60BYE2X, platformName: android, platformVersion: 12}, deviceApiLevel: 31, deviceManufacturer: samsung, deviceModel: SM-G991U1, deviceName: R5CR60BYE2X, deviceScreenDensity: 480, deviceScreenSize: 1080x2400, deviceUDID: R5CR60BYE2X, javascriptEnabled: true, locationContextEnabled: false, networkConnectionEnabled: true, pixelRatio: 3, platform: LINUX, platformName: Android, platformVersion: 12, statBarHeight: 79, takesScreenshot: true, viewportRect: {height: 2097, left: 0, top: 79, width: 1080}, warnings: {}, webStorageEnabled: false}
Session ID: 79cc796e-1015-4900-8c24-5da33dbbb9f1
*** Element info: {Using=xpath, value=//android.widget.Button[@text='Dismiss']}
at org.openqa.selenium.remote.http.W3CHttpResponseCodec.createException(W3CHttpResponseCodec.java:187)
at org.openqa.selenium.remote.http.W3CHttpResponseCodec.decode(W3CHttpResponseCodec.java:122)
at org.openqa.selenium.remote.http.W3CHttpResponseCodec.decode(W3CHttpResponseCodec.java:49)
at org.openqa.selenium.remote.HttpCommandExecutor.execute(HttpCommandExecutor.java:158)
at io.appium.java_client.remote.AppiumCommandExecutor.execute(AppiumCommandExecutor.java:247)
at org.openqa.selenium.remote.RemoteWebDriver.execute(RemoteWebDriver.java:552)
at io.appium.java_client.DefaultGenericMobileDriver.execute(DefaultGenericMobileDriver.java:41)
at io.appium.java_client.AppiumDriver.execute(AppiumDriver.java:1)
at org.openqa.selenium.remote.RemoteWebDriver.findElement(RemoteWebDriver.java:323)
at io.appium.java_client.DefaultGenericMobileDriver.findElement(DefaultGenericMobileDriver.java:61)
at io.appium.java_client.AppiumDriver.findElement(AppiumDriver.java:1)
at org.openqa.selenium.remote.RemoteWebDriver.findElementByXPath(RemoteWebDriver.java:428)
at io.appium.java_client.DefaultGenericMobileDriver.findElementByXPath(DefaultGenericMobileDriver.java:151)
at io.appium.java_client.AppiumDriver.findElementByXPath(AppiumDriver.java:1)
at mobilePOM.TravelStart_Mobile_Index.DismissButton(TravelStart_Mobile_Index.java:121)
at mobilePOM.TravelStart_Mobile_Index.verifyHeader(TravelStart_Mobile_Index.java:550)
at Utilities.ReusableMethods.verifysocialreuse(ReusableMethods.java:191)
at Mobile.GuestLogin.AppIndexPage2(GuestLogin.java:113)
at java.base/java.util.ArrayList.forEach(ArrayList.java:1511)
... Removed 32 stack frames]]>
    </failure>
  </testcase> <!-- AppIndexPage2 -->
  <testcase classname="Mobile.GuestLogin" name="Login" time="58.058">
    <failure type="org.openqa.selenium.NoSuchElementException" message="An element could not be located on the page using the given search parameters.
For documentation on this error, please visit: https://www.seleniumhq.org/exceptions/no_such_element.html
Build info: version: &amp;apos;3.141.59&amp;apos;, revision: &amp;apos;e82be7d358&amp;apos;, time: &amp;apos;2018-11-14T08:17:03&amp;apos;
System info: host: &amp;apos;CPU-0163&amp;apos;, ip: &amp;apos;192.168.56.1&amp;apos;, os.name: &amp;apos;Windows 10&amp;apos;, os.arch: &amp;apos;amd64&amp;apos;, os.version: &amp;apos;10.0&amp;apos;, java.version: &amp;apos;17.0.1&amp;apos;
Driver info: io.appium.java_client.AppiumDriver
Capabilities {appActivity: za.co.travelstart.flapp.Mai..., appPackage: za.co.travelstart.flapp.beta, automationName: UiAutomator2, databaseEnabled: false, desired: {appActivity: za.co.travelstart.flapp.Mai..., appPackage: za.co.travelstart.flapp.beta, automationName: UiAutomator2, deviceName: R5CR60BYE2X, platformName: android, platformVersion: 12}, deviceApiLevel: 31, deviceManufacturer: samsung, deviceModel: SM-G991U1, deviceName: R5CR60BYE2X, deviceScreenDensity: 480, deviceScreenSize: 1080x2400, deviceUDID: R5CR60BYE2X, javascriptEnabled: true, locationContextEnabled: false, networkConnectionEnabled: true, pixelRatio: 3, platform: LINUX, platformName: Android, platformVersion: 12, statBarHeight: 79, takesScreenshot: true, viewportRect: {height: 2097, left: 0, top: 79, width: 1080}, warnings: {}, webStorageEnabled: false}
Session ID: 4b86b5b8-39b9-42dc-b2c2-6c21d1512126
*** Element info: {Using=id, value=com.android.permissioncontroller:id/permission_deny_button}">
      <![CDATA[org.openqa.selenium.NoSuchElementException: An element could not be located on the page using the given search parameters.
For documentation on this error, please visit: https://www.seleniumhq.org/exceptions/no_such_element.html
Build info: version: '3.141.59', revision: 'e82be7d358', time: '2018-11-14T08:17:03'
System info: host: 'CPU-0163', ip: '192.168.56.1', os.name: 'Windows 10', os.arch: 'amd64', os.version: '10.0', java.version: '17.0.1'
Driver info: io.appium.java_client.AppiumDriver
Capabilities {appActivity: za.co.travelstart.flapp.Mai..., appPackage: za.co.travelstart.flapp.beta, automationName: UiAutomator2, databaseEnabled: false, desired: {appActivity: za.co.travelstart.flapp.Mai..., appPackage: za.co.travelstart.flapp.beta, automationName: UiAutomator2, deviceName: R5CR60BYE2X, platformName: android, platformVersion: 12}, deviceApiLevel: 31, deviceManufacturer: samsung, deviceModel: SM-G991U1, deviceName: R5CR60BYE2X, deviceScreenDensity: 480, deviceScreenSize: 1080x2400, deviceUDID: R5CR60BYE2X, javascriptEnabled: true, locationContextEnabled: false, networkConnectionEnabled: true, pixelRatio: 3, platform: LINUX, platformName: Android, platformVersion: 12, statBarHeight: 79, takesScreenshot: true, viewportRect: {height: 2097, left: 0, top: 79, width: 1080}, warnings: {}, webStorageEnabled: false}
Session ID: 4b86b5b8-39b9-42dc-b2c2-6c21d1512126
*** Element info: {Using=id, value=com.android.permissioncontroller:id/permission_deny_button}
at org.openqa.selenium.remote.http.W3CHttpResponseCodec.createException(W3CHttpResponseCodec.java:187)
at org.openqa.selenium.remote.http.W3CHttpResponseCodec.decode(W3CHttpResponseCodec.java:122)
at org.openqa.selenium.remote.http.W3CHttpResponseCodec.decode(W3CHttpResponseCodec.java:49)
at org.openqa.selenium.remote.HttpCommandExecutor.execute(HttpCommandExecutor.java:158)
at io.appium.java_client.remote.AppiumCommandExecutor.execute(AppiumCommandExecutor.java:247)
at org.openqa.selenium.remote.RemoteWebDriver.execute(RemoteWebDriver.java:552)
at io.appium.java_client.DefaultGenericMobileDriver.execute(DefaultGenericMobileDriver.java:41)
at io.appium.java_client.AppiumDriver.execute(AppiumDriver.java:1)
at org.openqa.selenium.remote.RemoteWebDriver.findElement(RemoteWebDriver.java:323)
at io.appium.java_client.DefaultGenericMobileDriver.findElement(DefaultGenericMobileDriver.java:61)
at io.appium.java_client.AppiumDriver.findElement(AppiumDriver.java:1)
at org.openqa.selenium.remote.RemoteWebDriver.findElementById(RemoteWebDriver.java:372)
at io.appium.java_client.DefaultGenericMobileDriver.findElementById(DefaultGenericMobileDriver.java:69)
at io.appium.java_client.AppiumDriver.findElementById(AppiumDriver.java:1)
at mobilePOM.TravelStart_Mobile_Index.denyacces(TravelStart_Mobile_Index.java:91)
at mobilePOM.TravelStart_Mobile_Index.verifySkipNote(TravelStart_Mobile_Index.java:523)
at Mobile.GuestLogin.Login(GuestLogin.java:315)
at java.base/java.util.ArrayList.forEach(ArrayList.java:1511)
... Removed 32 stack frames]]>
    </failure>
  </testcase> <!-- Login -->
  <testcase classname="Mobile.GuestLogin" name="Login1" time="62.313">
    <failure type="org.openqa.selenium.NoSuchElementException" message="An element could not be located on the page using the given search parameters.
For documentation on this error, please visit: https://www.seleniumhq.org/exceptions/no_such_element.html
Build info: version: &amp;apos;3.141.59&amp;apos;, revision: &amp;apos;e82be7d358&amp;apos;, time: &amp;apos;2018-11-14T08:17:03&amp;apos;
System info: host: &amp;apos;CPU-0163&amp;apos;, ip: &amp;apos;192.168.56.1&amp;apos;, os.name: &amp;apos;Windows 10&amp;apos;, os.arch: &amp;apos;amd64&amp;apos;, os.version: &amp;apos;10.0&amp;apos;, java.version: &amp;apos;17.0.1&amp;apos;
Driver info: io.appium.java_client.AppiumDriver
Capabilities {appActivity: za.co.travelstart.flapp.Mai..., appPackage: za.co.travelstart.flapp.beta, automationName: UiAutomator2, databaseEnabled: false, desired: {appActivity: za.co.travelstart.flapp.Mai..., appPackage: za.co.travelstart.flapp.beta, automationName: UiAutomator2, deviceName: R5CR60BYE2X, platformName: android, platformVersion: 12}, deviceApiLevel: 31, deviceManufacturer: samsung, deviceModel: SM-G991U1, deviceName: R5CR60BYE2X, deviceScreenDensity: 480, deviceScreenSize: 1080x2400, deviceUDID: R5CR60BYE2X, javascriptEnabled: true, locationContextEnabled: false, networkConnectionEnabled: true, pixelRatio: 3, platform: LINUX, platformName: Android, platformVersion: 12, statBarHeight: 79, takesScreenshot: true, viewportRect: {height: 2097, left: 0, top: 79, width: 1080}, warnings: {}, webStorageEnabled: false}
Session ID: cc79d9ca-0a12-4e7e-b4a5-333736c7d4d6
*** Element info: {Using=xpath, value=//android.widget.Button[@text=&amp;apos;Dismiss&amp;apos;]}">
      <![CDATA[org.openqa.selenium.NoSuchElementException: An element could not be located on the page using the given search parameters.
For documentation on this error, please visit: https://www.seleniumhq.org/exceptions/no_such_element.html
Build info: version: '3.141.59', revision: 'e82be7d358', time: '2018-11-14T08:17:03'
System info: host: 'CPU-0163', ip: '192.168.56.1', os.name: 'Windows 10', os.arch: 'amd64', os.version: '10.0', java.version: '17.0.1'
Driver info: io.appium.java_client.AppiumDriver
Capabilities {appActivity: za.co.travelstart.flapp.Mai..., appPackage: za.co.travelstart.flapp.beta, automationName: UiAutomator2, databaseEnabled: false, desired: {appActivity: za.co.travelstart.flapp.Mai..., appPackage: za.co.travelstart.flapp.beta, automationName: UiAutomator2, deviceName: R5CR60BYE2X, platformName: android, platformVersion: 12}, deviceApiLevel: 31, deviceManufacturer: samsung, deviceModel: SM-G991U1, deviceName: R5CR60BYE2X, deviceScreenDensity: 480, deviceScreenSize: 1080x2400, deviceUDID: R5CR60BYE2X, javascriptEnabled: true, locationContextEnabled: false, networkConnectionEnabled: true, pixelRatio: 3, platform: LINUX, platformName: Android, platformVersion: 12, statBarHeight: 79, takesScreenshot: true, viewportRect: {height: 2097, left: 0, top: 79, width: 1080}, warnings: {}, webStorageEnabled: false}
Session ID: cc79d9ca-0a12-4e7e-b4a5-333736c7d4d6
*** Element info: {Using=xpath, value=//android.widget.Button[@text='Dismiss']}
at org.openqa.selenium.remote.http.W3CHttpResponseCodec.createException(W3CHttpResponseCodec.java:187)
at org.openqa.selenium.remote.http.W3CHttpResponseCodec.decode(W3CHttpResponseCodec.java:122)
at org.openqa.selenium.remote.http.W3CHttpResponseCodec.decode(W3CHttpResponseCodec.java:49)
at org.openqa.selenium.remote.HttpCommandExecutor.execute(HttpCommandExecutor.java:158)
at io.appium.java_client.remote.AppiumCommandExecutor.execute(AppiumCommandExecutor.java:247)
at org.openqa.selenium.remote.RemoteWebDriver.execute(RemoteWebDriver.java:552)
at io.appium.java_client.DefaultGenericMobileDriver.execute(DefaultGenericMobileDriver.java:41)
at io.appium.java_client.AppiumDriver.execute(AppiumDriver.java:1)
at org.openqa.selenium.remote.RemoteWebDriver.findElement(RemoteWebDriver.java:323)
at io.appium.java_client.DefaultGenericMobileDriver.findElement(DefaultGenericMobileDriver.java:61)
at io.appium.java_client.AppiumDriver.findElement(AppiumDriver.java:1)
at org.openqa.selenium.remote.RemoteWebDriver.findElementByXPath(RemoteWebDriver.java:428)
at io.appium.java_client.DefaultGenericMobileDriver.findElementByXPath(DefaultGenericMobileDriver.java:151)
at io.appium.java_client.AppiumDriver.findElementByXPath(AppiumDriver.java:1)
at mobilePOM.TravelStart_Mobile_Index.DismissButton(TravelStart_Mobile_Index.java:121)
at mobilePOM.TravelStart_Mobile_Index.verifyHeader(TravelStart_Mobile_Index.java:550)
at Utilities.ReusableMethods.verifysocialreuse(ReusableMethods.java:191)
at Mobile.GuestLogin.Login1(GuestLogin.java:158)
at java.base/java.util.ArrayList.forEach(ArrayList.java:1511)
... Removed 32 stack frames]]>
    </failure>
  </testcase> <!-- Login1 -->
  <testcase classname="Mobile.GuestLogin" name="Login2" time="61.316">
    <failure type="org.openqa.selenium.NoSuchElementException" message="An element could not be located on the page using the given search parameters.
For documentation on this error, please visit: https://www.seleniumhq.org/exceptions/no_such_element.html
Build info: version: &amp;apos;3.141.59&amp;apos;, revision: &amp;apos;e82be7d358&amp;apos;, time: &amp;apos;2018-11-14T08:17:03&amp;apos;
System info: host: &amp;apos;CPU-0163&amp;apos;, ip: &amp;apos;192.168.56.1&amp;apos;, os.name: &amp;apos;Windows 10&amp;apos;, os.arch: &amp;apos;amd64&amp;apos;, os.version: &amp;apos;10.0&amp;apos;, java.version: &amp;apos;17.0.1&amp;apos;
Driver info: io.appium.java_client.AppiumDriver
Capabilities {appActivity: za.co.travelstart.flapp.Mai..., appPackage: za.co.travelstart.flapp.beta, automationName: UiAutomator2, databaseEnabled: false, desired: {appActivity: za.co.travelstart.flapp.Mai..., appPackage: za.co.travelstart.flapp.beta, automationName: UiAutomator2, deviceName: R5CR60BYE2X, platformName: android, platformVersion: 12}, deviceApiLevel: 31, deviceManufacturer: samsung, deviceModel: SM-G991U1, deviceName: R5CR60BYE2X, deviceScreenDensity: 480, deviceScreenSize: 1080x2400, deviceUDID: R5CR60BYE2X, javascriptEnabled: true, locationContextEnabled: false, networkConnectionEnabled: true, pixelRatio: 3, platform: LINUX, platformName: Android, platformVersion: 12, statBarHeight: 79, takesScreenshot: true, viewportRect: {height: 2097, left: 0, top: 79, width: 1080}, warnings: {}, webStorageEnabled: false}
Session ID: 40e2dd51-37a2-4003-88e0-47732a1f1c34
*** Element info: {Using=xpath, value=//android.widget.Button[@text=&amp;apos;Dismiss&amp;apos;]}">
      <![CDATA[org.openqa.selenium.NoSuchElementException: An element could not be located on the page using the given search parameters.
For documentation on this error, please visit: https://www.seleniumhq.org/exceptions/no_such_element.html
Build info: version: '3.141.59', revision: 'e82be7d358', time: '2018-11-14T08:17:03'
System info: host: 'CPU-0163', ip: '192.168.56.1', os.name: 'Windows 10', os.arch: 'amd64', os.version: '10.0', java.version: '17.0.1'
Driver info: io.appium.java_client.AppiumDriver
Capabilities {appActivity: za.co.travelstart.flapp.Mai..., appPackage: za.co.travelstart.flapp.beta, automationName: UiAutomator2, databaseEnabled: false, desired: {appActivity: za.co.travelstart.flapp.Mai..., appPackage: za.co.travelstart.flapp.beta, automationName: UiAutomator2, deviceName: R5CR60BYE2X, platformName: android, platformVersion: 12}, deviceApiLevel: 31, deviceManufacturer: samsung, deviceModel: SM-G991U1, deviceName: R5CR60BYE2X, deviceScreenDensity: 480, deviceScreenSize: 1080x2400, deviceUDID: R5CR60BYE2X, javascriptEnabled: true, locationContextEnabled: false, networkConnectionEnabled: true, pixelRatio: 3, platform: LINUX, platformName: Android, platformVersion: 12, statBarHeight: 79, takesScreenshot: true, viewportRect: {height: 2097, left: 0, top: 79, width: 1080}, warnings: {}, webStorageEnabled: false}
Session ID: 40e2dd51-37a2-4003-88e0-47732a1f1c34
*** Element info: {Using=xpath, value=//android.widget.Button[@text='Dismiss']}
at org.openqa.selenium.remote.http.W3CHttpResponseCodec.createException(W3CHttpResponseCodec.java:187)
at org.openqa.selenium.remote.http.W3CHttpResponseCodec.decode(W3CHttpResponseCodec.java:122)
at org.openqa.selenium.remote.http.W3CHttpResponseCodec.decode(W3CHttpResponseCodec.java:49)
at org.openqa.selenium.remote.HttpCommandExecutor.execute(HttpCommandExecutor.java:158)
at io.appium.java_client.remote.AppiumCommandExecutor.execute(AppiumCommandExecutor.java:247)
at org.openqa.selenium.remote.RemoteWebDriver.execute(RemoteWebDriver.java:552)
at io.appium.java_client.DefaultGenericMobileDriver.execute(DefaultGenericMobileDriver.java:41)
at io.appium.java_client.AppiumDriver.execute(AppiumDriver.java:1)
at org.openqa.selenium.remote.RemoteWebDriver.findElement(RemoteWebDriver.java:323)
at io.appium.java_client.DefaultGenericMobileDriver.findElement(DefaultGenericMobileDriver.java:61)
at io.appium.java_client.AppiumDriver.findElement(AppiumDriver.java:1)
at org.openqa.selenium.remote.RemoteWebDriver.findElementByXPath(RemoteWebDriver.java:428)
at io.appium.java_client.DefaultGenericMobileDriver.findElementByXPath(DefaultGenericMobileDriver.java:151)
at io.appium.java_client.AppiumDriver.findElementByXPath(AppiumDriver.java:1)
at mobilePOM.TravelStart_Mobile_Index.DismissButton(TravelStart_Mobile_Index.java:121)
at mobilePOM.TravelStart_Mobile_Index.verifyHeader(TravelStart_Mobile_Index.java:550)
at Utilities.ReusableMethods.verifysocialreuse(ReusableMethods.java:191)
at Mobile.GuestLogin.Login2(GuestLogin.java:200)
at java.base/java.util.ArrayList.forEach(ArrayList.java:1511)
... Removed 32 stack frames]]>
    </failure>
  </testcase> <!-- Login2 -->
  <testcase classname="Mobile.GuestLogin" name="Login3" time="45.019">
    <failure type="org.openqa.selenium.NoSuchElementException" message="An element could not be located on the page using the given search parameters.
For documentation on this error, please visit: https://www.seleniumhq.org/exceptions/no_such_element.html
Build info: version: &amp;apos;3.141.59&amp;apos;, revision: &amp;apos;e82be7d358&amp;apos;, time: &amp;apos;2018-11-14T08:17:03&amp;apos;
System info: host: &amp;apos;CPU-0163&amp;apos;, ip: &amp;apos;192.168.56.1&amp;apos;, os.name: &amp;apos;Windows 10&amp;apos;, os.arch: &amp;apos;amd64&amp;apos;, os.version: &amp;apos;10.0&amp;apos;, java.version: &amp;apos;17.0.1&amp;apos;
Driver info: io.appium.java_client.AppiumDriver
Capabilities {appActivity: za.co.travelstart.flapp.Mai..., appPackage: za.co.travelstart.flapp.beta, automationName: UiAutomator2, databaseEnabled: false, desired: {appActivity: za.co.travelstart.flapp.Mai..., appPackage: za.co.travelstart.flapp.beta, automationName: UiAutomator2, deviceName: R5CR60BYE2X, platformName: android, platformVersion: 12}, deviceApiLevel: 31, deviceManufacturer: samsung, deviceModel: SM-G991U1, deviceName: R5CR60BYE2X, deviceScreenDensity: 480, deviceScreenSize: 1080x2400, deviceUDID: R5CR60BYE2X, javascriptEnabled: true, locationContextEnabled: false, networkConnectionEnabled: true, pixelRatio: 3, platform: LINUX, platformName: Android, platformVersion: 12, statBarHeight: 79, takesScreenshot: true, viewportRect: {height: 2097, left: 0, top: 79, width: 1080}, warnings: {}, webStorageEnabled: false}
Session ID: 1ab5f7eb-4b1d-45a4-a2a4-27bd6dde21cd
*** Element info: {Using=id, value=com.android.permissioncontroller:id/permission_deny_button}">
      <![CDATA[org.openqa.selenium.NoSuchElementException: An element could not be located on the page using the given search parameters.
For documentation on this error, please visit: https://www.seleniumhq.org/exceptions/no_such_element.html
Build info: version: '3.141.59', revision: 'e82be7d358', time: '2018-11-14T08:17:03'
System info: host: 'CPU-0163', ip: '192.168.56.1', os.name: 'Windows 10', os.arch: 'amd64', os.version: '10.0', java.version: '17.0.1'
Driver info: io.appium.java_client.AppiumDriver
Capabilities {appActivity: za.co.travelstart.flapp.Mai..., appPackage: za.co.travelstart.flapp.beta, automationName: UiAutomator2, databaseEnabled: false, desired: {appActivity: za.co.travelstart.flapp.Mai..., appPackage: za.co.travelstart.flapp.beta, automationName: UiAutomator2, deviceName: R5CR60BYE2X, platformName: android, platformVersion: 12}, deviceApiLevel: 31, deviceManufacturer: samsung, deviceModel: SM-G991U1, deviceName: R5CR60BYE2X, deviceScreenDensity: 480, deviceScreenSize: 1080x2400, deviceUDID: R5CR60BYE2X, javascriptEnabled: true, locationContextEnabled: false, networkConnectionEnabled: true, pixelRatio: 3, platform: LINUX, platformName: Android, platformVersion: 12, statBarHeight: 79, takesScreenshot: true, viewportRect: {height: 2097, left: 0, top: 79, width: 1080}, warnings: {}, webStorageEnabled: false}
Session ID: 1ab5f7eb-4b1d-45a4-a2a4-27bd6dde21cd
*** Element info: {Using=id, value=com.android.permissioncontroller:id/permission_deny_button}
at org.openqa.selenium.remote.http.W3CHttpResponseCodec.createException(W3CHttpResponseCodec.java:187)
at org.openqa.selenium.remote.http.W3CHttpResponseCodec.decode(W3CHttpResponseCodec.java:122)
at org.openqa.selenium.remote.http.W3CHttpResponseCodec.decode(W3CHttpResponseCodec.java:49)
at org.openqa.selenium.remote.HttpCommandExecutor.execute(HttpCommandExecutor.java:158)
at io.appium.java_client.remote.AppiumCommandExecutor.execute(AppiumCommandExecutor.java:247)
at org.openqa.selenium.remote.RemoteWebDriver.execute(RemoteWebDriver.java:552)
at io.appium.java_client.DefaultGenericMobileDriver.execute(DefaultGenericMobileDriver.java:41)
at io.appium.java_client.AppiumDriver.execute(AppiumDriver.java:1)
at org.openqa.selenium.remote.RemoteWebDriver.findElement(RemoteWebDriver.java:323)
at io.appium.java_client.DefaultGenericMobileDriver.findElement(DefaultGenericMobileDriver.java:61)
at io.appium.java_client.AppiumDriver.findElement(AppiumDriver.java:1)
at org.openqa.selenium.remote.RemoteWebDriver.findElementById(RemoteWebDriver.java:372)
at io.appium.java_client.DefaultGenericMobileDriver.findElementById(DefaultGenericMobileDriver.java:69)
at io.appium.java_client.AppiumDriver.findElementById(AppiumDriver.java:1)
at mobilePOM.TravelStart_Mobile_Index.denyacces(TravelStart_Mobile_Index.java:91)
at mobilePOM.TravelStart_Mobile_Index.verifySkipNote(TravelStart_Mobile_Index.java:523)
at Mobile.GuestLogin.Login3(GuestLogin.java:255)
at java.base/java.util.ArrayList.forEach(ArrayList.java:1511)
... Removed 32 stack frames]]>
    </failure>
  </testcase> <!-- Login3 -->
  <testcase classname="Mobile.ManualLogin" name="Login" time="53.957"/>
  <testcase classname="Mobile.ManualLogin" name="Login1" time="23.851">
    <failure type="org.openqa.selenium.NoSuchElementException" message="An element could not be located on the page using the given search parameters.
For documentation on this error, please visit: https://www.seleniumhq.org/exceptions/no_such_element.html
Build info: version: &amp;apos;3.141.59&amp;apos;, revision: &amp;apos;e82be7d358&amp;apos;, time: &amp;apos;2018-11-14T08:17:03&amp;apos;
System info: host: &amp;apos;CPU-0163&amp;apos;, ip: &amp;apos;192.168.56.1&amp;apos;, os.name: &amp;apos;Windows 10&amp;apos;, os.arch: &amp;apos;amd64&amp;apos;, os.version: &amp;apos;10.0&amp;apos;, java.version: &amp;apos;17.0.1&amp;apos;
Driver info: io.appium.java_client.AppiumDriver
Capabilities {appActivity: za.co.travelstart.flapp.Mai..., appPackage: za.co.travelstart.flapp.beta, automationName: UiAutomator2, databaseEnabled: false, desired: {appActivity: za.co.travelstart.flapp.Mai..., appPackage: za.co.travelstart.flapp.beta, automationName: UiAutomator2, deviceName: R5CR60BYE2X, platformName: android, platformVersion: 12}, deviceApiLevel: 31, deviceManufacturer: samsung, deviceModel: SM-G991U1, deviceName: R5CR60BYE2X, deviceScreenDensity: 480, deviceScreenSize: 1080x2400, deviceUDID: R5CR60BYE2X, javascriptEnabled: true, locationContextEnabled: false, networkConnectionEnabled: true, pixelRatio: 3, platform: LINUX, platformName: Android, platformVersion: 12, statBarHeight: 79, takesScreenshot: true, viewportRect: {height: 2097, left: 0, top: 79, width: 1080}, warnings: {}, webStorageEnabled: false}
Session ID: 792daa70-3076-4557-a81a-40b757b040f2
*** Element info: {Using=id, value=com.android.permissioncontroller:id/permission_deny_button}">
      <![CDATA[org.openqa.selenium.NoSuchElementException: An element could not be located on the page using the given search parameters.
For documentation on this error, please visit: https://www.seleniumhq.org/exceptions/no_such_element.html
Build info: version: '3.141.59', revision: 'e82be7d358', time: '2018-11-14T08:17:03'
System info: host: 'CPU-0163', ip: '192.168.56.1', os.name: 'Windows 10', os.arch: 'amd64', os.version: '10.0', java.version: '17.0.1'
Driver info: io.appium.java_client.AppiumDriver
Capabilities {appActivity: za.co.travelstart.flapp.Mai..., appPackage: za.co.travelstart.flapp.beta, automationName: UiAutomator2, databaseEnabled: false, desired: {appActivity: za.co.travelstart.flapp.Mai..., appPackage: za.co.travelstart.flapp.beta, automationName: UiAutomator2, deviceName: R5CR60BYE2X, platformName: android, platformVersion: 12}, deviceApiLevel: 31, deviceManufacturer: samsung, deviceModel: SM-G991U1, deviceName: R5CR60BYE2X, deviceScreenDensity: 480, deviceScreenSize: 1080x2400, deviceUDID: R5CR60BYE2X, javascriptEnabled: true, locationContextEnabled: false, networkConnectionEnabled: true, pixelRatio: 3, platform: LINUX, platformName: Android, platformVersion: 12, statBarHeight: 79, takesScreenshot: true, viewportRect: {height: 2097, left: 0, top: 79, width: 1080}, warnings: {}, webStorageEnabled: false}
Session ID: 792daa70-3076-4557-a81a-40b757b040f2
*** Element info: {Using=id, value=com.android.permissioncontroller:id/permission_deny_button}
at org.openqa.selenium.remote.http.W3CHttpResponseCodec.createException(W3CHttpResponseCodec.java:187)
at org.openqa.selenium.remote.http.W3CHttpResponseCodec.decode(W3CHttpResponseCodec.java:122)
at org.openqa.selenium.remote.http.W3CHttpResponseCodec.decode(W3CHttpResponseCodec.java:49)
at org.openqa.selenium.remote.HttpCommandExecutor.execute(HttpCommandExecutor.java:158)
at io.appium.java_client.remote.AppiumCommandExecutor.execute(AppiumCommandExecutor.java:247)
at org.openqa.selenium.remote.RemoteWebDriver.execute(RemoteWebDriver.java:552)
at io.appium.java_client.DefaultGenericMobileDriver.execute(DefaultGenericMobileDriver.java:41)
at io.appium.java_client.AppiumDriver.execute(AppiumDriver.java:1)
at org.openqa.selenium.remote.RemoteWebDriver.findElement(RemoteWebDriver.java:323)
at io.appium.java_client.DefaultGenericMobileDriver.findElement(DefaultGenericMobileDriver.java:61)
at io.appium.java_client.AppiumDriver.findElement(AppiumDriver.java:1)
at org.openqa.selenium.remote.RemoteWebDriver.findElementById(RemoteWebDriver.java:372)
at io.appium.java_client.DefaultGenericMobileDriver.findElementById(DefaultGenericMobileDriver.java:69)
at io.appium.java_client.AppiumDriver.findElementById(AppiumDriver.java:1)
at mobilePOM.TravelStart_Mobile_Index.denyacces(TravelStart_Mobile_Index.java:91)
at mobilePOM.TravelStart_Mobile_Index.verifySkipNote(TravelStart_Mobile_Index.java:523)
at Mobile.ManualLogin.Login1(ManualLogin.java:69)
at java.base/java.util.ArrayList.forEach(ArrayList.java:1511)
... Removed 32 stack frames]]>
    </failure>
  </testcase> <!-- Login1 -->
  <testcase classname="Mobile.ManualLogin" name="Login2" time="71.142">
    <failure type="org.openqa.selenium.NoSuchElementException" message="An element could not be located on the page using the given search parameters.
For documentation on this error, please visit: https://www.seleniumhq.org/exceptions/no_such_element.html
Build info: version: &amp;apos;3.141.59&amp;apos;, revision: &amp;apos;e82be7d358&amp;apos;, time: &amp;apos;2018-11-14T08:17:03&amp;apos;
System info: host: &amp;apos;CPU-0163&amp;apos;, ip: &amp;apos;192.168.56.1&amp;apos;, os.name: &amp;apos;Windows 10&amp;apos;, os.arch: &amp;apos;amd64&amp;apos;, os.version: &amp;apos;10.0&amp;apos;, java.version: &amp;apos;17.0.1&amp;apos;
Driver info: io.appium.java_client.AppiumDriver
Capabilities {appActivity: za.co.travelstart.flapp.Mai..., appPackage: za.co.travelstart.flapp.beta, automationName: UiAutomator2, databaseEnabled: false, desired: {appActivity: za.co.travelstart.flapp.Mai..., appPackage: za.co.travelstart.flapp.beta, automationName: UiAutomator2, deviceName: R5CR60BYE2X, platformName: android, platformVersion: 12}, deviceApiLevel: 31, deviceManufacturer: samsung, deviceModel: SM-G991U1, deviceName: R5CR60BYE2X, deviceScreenDensity: 480, deviceScreenSize: 1080x2400, deviceUDID: R5CR60BYE2X, javascriptEnabled: true, locationContextEnabled: false, networkConnectionEnabled: true, pixelRatio: 3, platform: LINUX, platformName: Android, platformVersion: 12, statBarHeight: 79, takesScreenshot: true, viewportRect: {height: 2097, left: 0, top: 79, width: 1080}, warnings: {}, webStorageEnabled: false}
Session ID: 5bc69e8b-1435-4b4f-9087-a389dbcaca54
*** Element info: {Using=id, value=com.android.permissioncontroller:id/permission_deny_button}">
      <![CDATA[org.openqa.selenium.NoSuchElementException: An element could not be located on the page using the given search parameters.
For documentation on this error, please visit: https://www.seleniumhq.org/exceptions/no_such_element.html
Build info: version: '3.141.59', revision: 'e82be7d358', time: '2018-11-14T08:17:03'
System info: host: 'CPU-0163', ip: '192.168.56.1', os.name: 'Windows 10', os.arch: 'amd64', os.version: '10.0', java.version: '17.0.1'
Driver info: io.appium.java_client.AppiumDriver
Capabilities {appActivity: za.co.travelstart.flapp.Mai..., appPackage: za.co.travelstart.flapp.beta, automationName: UiAutomator2, databaseEnabled: false, desired: {appActivity: za.co.travelstart.flapp.Mai..., appPackage: za.co.travelstart.flapp.beta, automationName: UiAutomator2, deviceName: R5CR60BYE2X, platformName: android, platformVersion: 12}, deviceApiLevel: 31, deviceManufacturer: samsung, deviceModel: SM-G991U1, deviceName: R5CR60BYE2X, deviceScreenDensity: 480, deviceScreenSize: 1080x2400, deviceUDID: R5CR60BYE2X, javascriptEnabled: true, locationContextEnabled: false, networkConnectionEnabled: true, pixelRatio: 3, platform: LINUX, platformName: Android, platformVersion: 12, statBarHeight: 79, takesScreenshot: true, viewportRect: {height: 2097, left: 0, top: 79, width: 1080}, warnings: {}, webStorageEnabled: false}
Session ID: 5bc69e8b-1435-4b4f-9087-a389dbcaca54
*** Element info: {Using=id, value=com.android.permissioncontroller:id/permission_deny_button}
at org.openqa.selenium.remote.http.W3CHttpResponseCodec.createException(W3CHttpResponseCodec.java:187)
at org.openqa.selenium.remote.http.W3CHttpResponseCodec.decode(W3CHttpResponseCodec.java:122)
at org.openqa.selenium.remote.http.W3CHttpResponseCodec.decode(W3CHttpResponseCodec.java:49)
at org.openqa.selenium.remote.HttpCommandExecutor.execute(HttpCommandExecutor.java:158)
at io.appium.java_client.remote.AppiumCommandExecutor.execute(AppiumCommandExecutor.java:247)
at org.openqa.selenium.remote.RemoteWebDriver.execute(RemoteWebDriver.java:552)
at io.appium.java_client.DefaultGenericMobileDriver.execute(DefaultGenericMobileDriver.java:41)
at io.appium.java_client.AppiumDriver.execute(AppiumDriver.java:1)
at org.openqa.selenium.remote.RemoteWebDriver.findElement(RemoteWebDriver.java:323)
at io.appium.java_client.DefaultGenericMobileDriver.findElement(DefaultGenericMobileDriver.java:61)
at io.appium.java_client.AppiumDriver.findElement(AppiumDriver.java:1)
at org.openqa.selenium.remote.RemoteWebDriver.findElementById(RemoteWebDriver.java:372)
at io.appium.java_client.DefaultGenericMobileDriver.findElementById(DefaultGenericMobileDriver.java:69)
at io.appium.java_client.AppiumDriver.findElementById(AppiumDriver.java:1)
at mobilePOM.TravelStart_Mobile_Login.denyacces(TravelStart_Mobile_Login.java:67)
at mobilePOM.TravelStart_Mobile_Login.verifyWelcomeNote(TravelStart_Mobile_Login.java:217)
at Utilities.ReusableMethods.manualloginreuse(ReusableMethods.java:155)
at Mobile.ManualLogin.Login2(ManualLogin.java:115)
at java.base/java.util.ArrayList.forEach(ArrayList.java:1511)
... Removed 32 stack frames]]>
    </failure>
  </testcase> <!-- Login2 -->
  <testcase classname="Mobile.ManualLogin" name="Login3" time="67.286">
    <failure type="org.openqa.selenium.NoSuchElementException" message="An element could not be located on the page using the given search parameters.
For documentation on this error, please visit: https://www.seleniumhq.org/exceptions/no_such_element.html
Build info: version: &amp;apos;3.141.59&amp;apos;, revision: &amp;apos;e82be7d358&amp;apos;, time: &amp;apos;2018-11-14T08:17:03&amp;apos;
System info: host: &amp;apos;CPU-0163&amp;apos;, ip: &amp;apos;192.168.56.1&amp;apos;, os.name: &amp;apos;Windows 10&amp;apos;, os.arch: &amp;apos;amd64&amp;apos;, os.version: &amp;apos;10.0&amp;apos;, java.version: &amp;apos;17.0.1&amp;apos;
Driver info: io.appium.java_client.AppiumDriver
Capabilities {appActivity: za.co.travelstart.flapp.Mai..., appPackage: za.co.travelstart.flapp.beta, automationName: UiAutomator2, databaseEnabled: false, desired: {appActivity: za.co.travelstart.flapp.Mai..., appPackage: za.co.travelstart.flapp.beta, automationName: UiAutomator2, deviceName: R5CR60BYE2X, platformName: android, platformVersion: 12}, deviceApiLevel: 31, deviceManufacturer: samsung, deviceModel: SM-G991U1, deviceName: R5CR60BYE2X, deviceScreenDensity: 480, deviceScreenSize: 1080x2400, deviceUDID: R5CR60BYE2X, javascriptEnabled: true, locationContextEnabled: false, networkConnectionEnabled: true, pixelRatio: 3, platform: LINUX, platformName: Android, platformVersion: 12, statBarHeight: 79, takesScreenshot: true, viewportRect: {height: 2097, left: 0, top: 79, width: 1080}, warnings: {}, webStorageEnabled: false}
Session ID: 11395dbb-ce35-45df-93db-5c1508a2f25a
*** Element info: {Using=id, value=com.android.permissioncontroller:id/permission_deny_button}">
      <![CDATA[org.openqa.selenium.NoSuchElementException: An element could not be located on the page using the given search parameters.
For documentation on this error, please visit: https://www.seleniumhq.org/exceptions/no_such_element.html
Build info: version: '3.141.59', revision: 'e82be7d358', time: '2018-11-14T08:17:03'
System info: host: 'CPU-0163', ip: '192.168.56.1', os.name: 'Windows 10', os.arch: 'amd64', os.version: '10.0', java.version: '17.0.1'
Driver info: io.appium.java_client.AppiumDriver
Capabilities {appActivity: za.co.travelstart.flapp.Mai..., appPackage: za.co.travelstart.flapp.beta, automationName: UiAutomator2, databaseEnabled: false, desired: {appActivity: za.co.travelstart.flapp.Mai..., appPackage: za.co.travelstart.flapp.beta, automationName: UiAutomator2, deviceName: R5CR60BYE2X, platformName: android, platformVersion: 12}, deviceApiLevel: 31, deviceManufacturer: samsung, deviceModel: SM-G991U1, deviceName: R5CR60BYE2X, deviceScreenDensity: 480, deviceScreenSize: 1080x2400, deviceUDID: R5CR60BYE2X, javascriptEnabled: true, locationContextEnabled: false, networkConnectionEnabled: true, pixelRatio: 3, platform: LINUX, platformName: Android, platformVersion: 12, statBarHeight: 79, takesScreenshot: true, viewportRect: {height: 2097, left: 0, top: 79, width: 1080}, warnings: {}, webStorageEnabled: false}
Session ID: 11395dbb-ce35-45df-93db-5c1508a2f25a
*** Element info: {Using=id, value=com.android.permissioncontroller:id/permission_deny_button}
at org.openqa.selenium.remote.http.W3CHttpResponseCodec.createException(W3CHttpResponseCodec.java:187)
at org.openqa.selenium.remote.http.W3CHttpResponseCodec.decode(W3CHttpResponseCodec.java:122)
at org.openqa.selenium.remote.http.W3CHttpResponseCodec.decode(W3CHttpResponseCodec.java:49)
at org.openqa.selenium.remote.HttpCommandExecutor.execute(HttpCommandExecutor.java:158)
at io.appium.java_client.remote.AppiumCommandExecutor.execute(AppiumCommandExecutor.java:247)
at org.openqa.selenium.remote.RemoteWebDriver.execute(RemoteWebDriver.java:552)
at io.appium.java_client.DefaultGenericMobileDriver.execute(DefaultGenericMobileDriver.java:41)
at io.appium.java_client.AppiumDriver.execute(AppiumDriver.java:1)
at org.openqa.selenium.remote.RemoteWebDriver.findElement(RemoteWebDriver.java:323)
at io.appium.java_client.DefaultGenericMobileDriver.findElement(DefaultGenericMobileDriver.java:61)
at io.appium.java_client.AppiumDriver.findElement(AppiumDriver.java:1)
at org.openqa.selenium.remote.RemoteWebDriver.findElementById(RemoteWebDriver.java:372)
at io.appium.java_client.DefaultGenericMobileDriver.findElementById(DefaultGenericMobileDriver.java:69)
at io.appium.java_client.AppiumDriver.findElementById(AppiumDriver.java:1)
at mobilePOM.TravelStart_Mobile_Login.denyacces(TravelStart_Mobile_Login.java:67)
at mobilePOM.TravelStart_Mobile_Login.verifyWelcomeNote(TravelStart_Mobile_Login.java:217)
at Utilities.ReusableMethods.manualloginreuse(ReusableMethods.java:155)
at Mobile.ManualLogin.Login3(ManualLogin.java:153)
at java.base/java.util.ArrayList.forEach(ArrayList.java:1511)
... Removed 32 stack frames]]>
    </failure>
  </testcase> <!-- Login3 -->
  <testcase classname="Mobile.ManualLogin" name="Login4" time="61.6">
    <failure type="org.openqa.selenium.NoSuchElementException" message="An element could not be located on the page using the given search parameters.
For documentation on this error, please visit: https://www.seleniumhq.org/exceptions/no_such_element.html
Build info: version: &amp;apos;3.141.59&amp;apos;, revision: &amp;apos;e82be7d358&amp;apos;, time: &amp;apos;2018-11-14T08:17:03&amp;apos;
System info: host: &amp;apos;CPU-0163&amp;apos;, ip: &amp;apos;192.168.56.1&amp;apos;, os.name: &amp;apos;Windows 10&amp;apos;, os.arch: &amp;apos;amd64&amp;apos;, os.version: &amp;apos;10.0&amp;apos;, java.version: &amp;apos;17.0.1&amp;apos;
Driver info: io.appium.java_client.AppiumDriver
Capabilities {appActivity: za.co.travelstart.flapp.Mai..., appPackage: za.co.travelstart.flapp.beta, automationName: UiAutomator2, databaseEnabled: false, desired: {appActivity: za.co.travelstart.flapp.Mai..., appPackage: za.co.travelstart.flapp.beta, automationName: UiAutomator2, deviceName: R5CR60BYE2X, platformName: android, platformVersion: 12}, deviceApiLevel: 31, deviceManufacturer: samsung, deviceModel: SM-G991U1, deviceName: R5CR60BYE2X, deviceScreenDensity: 480, deviceScreenSize: 1080x2400, deviceUDID: R5CR60BYE2X, javascriptEnabled: true, locationContextEnabled: false, networkConnectionEnabled: true, pixelRatio: 3, platform: LINUX, platformName: Android, platformVersion: 12, statBarHeight: 79, takesScreenshot: true, viewportRect: {height: 2097, left: 0, top: 79, width: 1080}, warnings: {}, webStorageEnabled: false}
Session ID: da4ba149-d55f-4562-b666-27e954a80277
*** Element info: {Using=id, value=com.android.permissioncontroller:id/permission_deny_button}">
      <![CDATA[org.openqa.selenium.NoSuchElementException: An element could not be located on the page using the given search parameters.
For documentation on this error, please visit: https://www.seleniumhq.org/exceptions/no_such_element.html
Build info: version: '3.141.59', revision: 'e82be7d358', time: '2018-11-14T08:17:03'
System info: host: 'CPU-0163', ip: '192.168.56.1', os.name: 'Windows 10', os.arch: 'amd64', os.version: '10.0', java.version: '17.0.1'
Driver info: io.appium.java_client.AppiumDriver
Capabilities {appActivity: za.co.travelstart.flapp.Mai..., appPackage: za.co.travelstart.flapp.beta, automationName: UiAutomator2, databaseEnabled: false, desired: {appActivity: za.co.travelstart.flapp.Mai..., appPackage: za.co.travelstart.flapp.beta, automationName: UiAutomator2, deviceName: R5CR60BYE2X, platformName: android, platformVersion: 12}, deviceApiLevel: 31, deviceManufacturer: samsung, deviceModel: SM-G991U1, deviceName: R5CR60BYE2X, deviceScreenDensity: 480, deviceScreenSize: 1080x2400, deviceUDID: R5CR60BYE2X, javascriptEnabled: true, locationContextEnabled: false, networkConnectionEnabled: true, pixelRatio: 3, platform: LINUX, platformName: Android, platformVersion: 12, statBarHeight: 79, takesScreenshot: true, viewportRect: {height: 2097, left: 0, top: 79, width: 1080}, warnings: {}, webStorageEnabled: false}
Session ID: da4ba149-d55f-4562-b666-27e954a80277
*** Element info: {Using=id, value=com.android.permissioncontroller:id/permission_deny_button}
at org.openqa.selenium.remote.http.W3CHttpResponseCodec.createException(W3CHttpResponseCodec.java:187)
at org.openqa.selenium.remote.http.W3CHttpResponseCodec.decode(W3CHttpResponseCodec.java:122)
at org.openqa.selenium.remote.http.W3CHttpResponseCodec.decode(W3CHttpResponseCodec.java:49)
at org.openqa.selenium.remote.HttpCommandExecutor.execute(HttpCommandExecutor.java:158)
at io.appium.java_client.remote.AppiumCommandExecutor.execute(AppiumCommandExecutor.java:247)
at org.openqa.selenium.remote.RemoteWebDriver.execute(RemoteWebDriver.java:552)
at io.appium.java_client.DefaultGenericMobileDriver.execute(DefaultGenericMobileDriver.java:41)
at io.appium.java_client.AppiumDriver.execute(AppiumDriver.java:1)
at org.openqa.selenium.remote.RemoteWebDriver.findElement(RemoteWebDriver.java:323)
at io.appium.java_client.DefaultGenericMobileDriver.findElement(DefaultGenericMobileDriver.java:61)
at io.appium.java_client.AppiumDriver.findElement(AppiumDriver.java:1)
at org.openqa.selenium.remote.RemoteWebDriver.findElementById(RemoteWebDriver.java:372)
at io.appium.java_client.DefaultGenericMobileDriver.findElementById(DefaultGenericMobileDriver.java:69)
at io.appium.java_client.AppiumDriver.findElementById(AppiumDriver.java:1)
at mobilePOM.TravelStart_Mobile_Login.denyacces(TravelStart_Mobile_Login.java:67)
at mobilePOM.TravelStart_Mobile_Login.verifyWelcomeNote(TravelStart_Mobile_Login.java:217)
at Utilities.ReusableMethods.manualloginreuse(ReusableMethods.java:155)
at Mobile.ManualLogin.Login4(ManualLogin.java:187)
at java.base/java.util.ArrayList.forEach(ArrayList.java:1511)
... Removed 32 stack frames]]>
    </failure>
  </testcase> <!-- Login4 -->
  <testcase classname="Mobile.ManualLogin" name="Login5" time="66.688">
    <failure type="org.openqa.selenium.NoSuchElementException" message="An element could not be located on the page using the given search parameters.
For documentation on this error, please visit: https://www.seleniumhq.org/exceptions/no_such_element.html
Build info: version: &amp;apos;3.141.59&amp;apos;, revision: &amp;apos;e82be7d358&amp;apos;, time: &amp;apos;2018-11-14T08:17:03&amp;apos;
System info: host: &amp;apos;CPU-0163&amp;apos;, ip: &amp;apos;192.168.56.1&amp;apos;, os.name: &amp;apos;Windows 10&amp;apos;, os.arch: &amp;apos;amd64&amp;apos;, os.version: &amp;apos;10.0&amp;apos;, java.version: &amp;apos;17.0.1&amp;apos;
Driver info: io.appium.java_client.AppiumDriver
Capabilities {appActivity: za.co.travelstart.flapp.Mai..., appPackage: za.co.travelstart.flapp.beta, automationName: UiAutomator2, databaseEnabled: false, desired: {appActivity: za.co.travelstart.flapp.Mai..., appPackage: za.co.travelstart.flapp.beta, automationName: UiAutomator2, deviceName: R5CR60BYE2X, platformName: android, platformVersion: 12}, deviceApiLevel: 31, deviceManufacturer: samsung, deviceModel: SM-G991U1, deviceName: R5CR60BYE2X, deviceScreenDensity: 480, deviceScreenSize: 1080x2400, deviceUDID: R5CR60BYE2X, javascriptEnabled: true, locationContextEnabled: false, networkConnectionEnabled: true, pixelRatio: 3, platform: LINUX, platformName: Android, platformVersion: 12, statBarHeight: 79, takesScreenshot: true, viewportRect: {height: 2097, left: 0, top: 79, width: 1080}, warnings: {}, webStorageEnabled: false}
Session ID: 48a7647b-70d9-4084-95cf-be53c5ecae47
*** Element info: {Using=id, value=com.android.permissioncontroller:id/permission_deny_button}">
      <![CDATA[org.openqa.selenium.NoSuchElementException: An element could not be located on the page using the given search parameters.
For documentation on this error, please visit: https://www.seleniumhq.org/exceptions/no_such_element.html
Build info: version: '3.141.59', revision: 'e82be7d358', time: '2018-11-14T08:17:03'
System info: host: 'CPU-0163', ip: '192.168.56.1', os.name: 'Windows 10', os.arch: 'amd64', os.version: '10.0', java.version: '17.0.1'
Driver info: io.appium.java_client.AppiumDriver
Capabilities {appActivity: za.co.travelstart.flapp.Mai..., appPackage: za.co.travelstart.flapp.beta, automationName: UiAutomator2, databaseEnabled: false, desired: {appActivity: za.co.travelstart.flapp.Mai..., appPackage: za.co.travelstart.flapp.beta, automationName: UiAutomator2, deviceName: R5CR60BYE2X, platformName: android, platformVersion: 12}, deviceApiLevel: 31, deviceManufacturer: samsung, deviceModel: SM-G991U1, deviceName: R5CR60BYE2X, deviceScreenDensity: 480, deviceScreenSize: 1080x2400, deviceUDID: R5CR60BYE2X, javascriptEnabled: true, locationContextEnabled: false, networkConnectionEnabled: true, pixelRatio: 3, platform: LINUX, platformName: Android, platformVersion: 12, statBarHeight: 79, takesScreenshot: true, viewportRect: {height: 2097, left: 0, top: 79, width: 1080}, warnings: {}, webStorageEnabled: false}
Session ID: 48a7647b-70d9-4084-95cf-be53c5ecae47
*** Element info: {Using=id, value=com.android.permissioncontroller:id/permission_deny_button}
at org.openqa.selenium.remote.http.W3CHttpResponseCodec.createException(W3CHttpResponseCodec.java:187)
at org.openqa.selenium.remote.http.W3CHttpResponseCodec.decode(W3CHttpResponseCodec.java:122)
at org.openqa.selenium.remote.http.W3CHttpResponseCodec.decode(W3CHttpResponseCodec.java:49)
at org.openqa.selenium.remote.HttpCommandExecutor.execute(HttpCommandExecutor.java:158)
at io.appium.java_client.remote.AppiumCommandExecutor.execute(AppiumCommandExecutor.java:247)
at org.openqa.selenium.remote.RemoteWebDriver.execute(RemoteWebDriver.java:552)
at io.appium.java_client.DefaultGenericMobileDriver.execute(DefaultGenericMobileDriver.java:41)
at io.appium.java_client.AppiumDriver.execute(AppiumDriver.java:1)
at org.openqa.selenium.remote.RemoteWebDriver.findElement(RemoteWebDriver.java:323)
at io.appium.java_client.DefaultGenericMobileDriver.findElement(DefaultGenericMobileDriver.java:61)
at io.appium.java_client.AppiumDriver.findElement(AppiumDriver.java:1)
at org.openqa.selenium.remote.RemoteWebDriver.findElementById(RemoteWebDriver.java:372)
at io.appium.java_client.DefaultGenericMobileDriver.findElementById(DefaultGenericMobileDriver.java:69)
at io.appium.java_client.AppiumDriver.findElementById(AppiumDriver.java:1)
at mobilePOM.TravelStart_Mobile_Login.denyacces(TravelStart_Mobile_Login.java:67)
at mobilePOM.TravelStart_Mobile_Login.verifyWelcomeNote(TravelStart_Mobile_Login.java:217)
at Utilities.ReusableMethods.manualloginreuse(ReusableMethods.java:155)
at Mobile.ManualLogin.Login5(ManualLogin.java:232)
at java.base/java.util.ArrayList.forEach(ArrayList.java:1511)
... Removed 32 stack frames]]>
    </failure>
  </testcase> <!-- Login5 -->
  <testcase classname="Mobile.Signup" name="AppIndexPage" time="65.874"/>
  <testcase classname="Base.Mobile_Base" name="@AfterSuite flush" time="0.0">
    <ignored/>
  </testcase> <!-- @AfterSuite flush -->
  <testcase classname="Base.Mobile_Base" name="@AfterSuite flush" time="0.0">
    <ignored/>
  </testcase> <!-- @AfterSuite flush -->
  <testcase classname="Base.Mobile_Base" name="@BeforeSuite report" time="0.0">
    <ignored/>
  </testcase> <!-- @BeforeSuite report -->
  <testcase classname="Base.Mobile_Base" name="@BeforeSuite report" time="0.0">
    <ignored/>
  </testcase> <!-- @BeforeSuite report -->
</testsuite> <!-- Mobile_Test -->
