<?xml version="1.0" encoding="UTF-8"?>
<!-- Generated by org.testng.reporters.JUnitXMLReporter -->
<testsuite ignored="0" hostname="CPU-0163" failures="1" tests="2" name="MobiWeb_Test" time="216.89" errors="0" timestamp="2022-03-08T15:00:29 IST">
  <testcase classname="Base.Mobile_Base" name="@AfterMethod appium_server_stop" time="6.041">
    <failure type="org.openqa.selenium.WebDriverException" message="An unknown server-side error occurred while processing the command. Original error: Could not proxy command to remote server. Original error: Error: socket hang up
Build info: version: &amp;apos;3.141.59&amp;apos;, revision: &amp;apos;e82be7d358&amp;apos;, time: &amp;apos;2018-11-14T08:17:03&amp;apos;
System info: host: &amp;apos;CPU-0163&amp;apos;, ip: &amp;apos;192.168.56.1&amp;apos;, os.name: &amp;apos;Windows 10&amp;apos;, os.arch: &amp;apos;amd64&amp;apos;, os.version: &amp;apos;10.0&amp;apos;, java.version: &amp;apos;17.0.1&amp;apos;
Driver info: io.appium.java_client.AppiumDriver
Capabilities {appActivity: za.co.travelstart.flapp.Mai..., appPackage: za.co.travelstart.flapp, automationName: UiAutomator2, databaseEnabled: false, desired: {appActivity: za.co.travelstart.flapp.Mai..., appPackage: za.co.travelstart.flapp, automationName: UiAutomator2, deviceName: SM G991U1, platformName: android, platformVersion: 12}, deviceApiLevel: 31, deviceManufacturer: samsung, deviceModel: SM-G991U1, deviceName: R5CR60BYE2X, deviceScreenDensity: 480, deviceScreenSize: 1080x2400, deviceUDID: R5CR60BYE2X, javascriptEnabled: true, locationContextEnabled: false, networkConnectionEnabled: true, pixelRatio: 3, platform: LINUX, platformName: Android, platformVersion: 12, statBarHeight: 79, takesScreenshot: true, viewportRect: {height: 2097, left: 0, top: 79, width: 1080}, warnings: {}, webStorageEnabled: false}
Session ID: b9039613-5bb1-42f9-8ea8-f1360c111dd0">
      <![CDATA[org.openqa.selenium.WebDriverException: An unknown server-side error occurred while processing the command. Original error: Could not proxy command to remote server. Original error: Error: socket hang up
Build info: version: '3.141.59', revision: 'e82be7d358', time: '2018-11-14T08:17:03'
System info: host: 'CPU-0163', ip: '192.168.56.1', os.name: 'Windows 10', os.arch: 'amd64', os.version: '10.0', java.version: '17.0.1'
Driver info: io.appium.java_client.AppiumDriver
Capabilities {appActivity: za.co.travelstart.flapp.Mai..., appPackage: za.co.travelstart.flapp, automationName: UiAutomator2, databaseEnabled: false, desired: {appActivity: za.co.travelstart.flapp.Mai..., appPackage: za.co.travelstart.flapp, automationName: UiAutomator2, deviceName: SM G991U1, platformName: android, platformVersion: 12}, deviceApiLevel: 31, deviceManufacturer: samsung, deviceModel: SM-G991U1, deviceName: R5CR60BYE2X, deviceScreenDensity: 480, deviceScreenSize: 1080x2400, deviceUDID: R5CR60BYE2X, javascriptEnabled: true, locationContextEnabled: false, networkConnectionEnabled: true, pixelRatio: 3, platform: LINUX, platformName: Android, platformVersion: 12, statBarHeight: 79, takesScreenshot: true, viewportRect: {height: 2097, left: 0, top: 79, width: 1080}, warnings: {}, webStorageEnabled: false}
Session ID: b9039613-5bb1-42f9-8ea8-f1360c111dd0
at org.openqa.selenium.remote.http.W3CHttpResponseCodec.createException(W3CHttpResponseCodec.java:187)
at org.openqa.selenium.remote.http.W3CHttpResponseCodec.decode(W3CHttpResponseCodec.java:122)
at org.openqa.selenium.remote.http.W3CHttpResponseCodec.decode(W3CHttpResponseCodec.java:49)
at org.openqa.selenium.remote.HttpCommandExecutor.execute(HttpCommandExecutor.java:158)
at io.appium.java_client.remote.AppiumCommandExecutor.execute(AppiumCommandExecutor.java:247)
at org.openqa.selenium.remote.RemoteWebDriver.execute(RemoteWebDriver.java:552)
at io.appium.java_client.DefaultGenericMobileDriver.execute(DefaultGenericMobileDriver.java:45)
at io.appium.java_client.AppiumDriver.execute(AppiumDriver.java:1)
at org.openqa.selenium.remote.RemoteWebDriver.getScreenshotAs(RemoteWebDriver.java:295)
at Utilities.Screenshots.getScreenshot(Screenshots.java:20)
at Base.Mobile_Base.appium_server_stop(Mobile_Base.java:134)
at java.base/java.util.ArrayList.forEach(ArrayList.java:1511)
... Removed 37 stack frames]]>
    </failure>
  </testcase> <!-- @AfterMethod appium_server_stop -->
  <testcase classname="Mobile.GuestLogin" name="ValidateGuestLoginCreateMYAccountFlow" time="136.597"/>
  <testcase classname="Mobile.GuestLogin" name="ValidateGuestLoginfromHomeScreen" time="46.969">
    <failure type="org.openqa.selenium.WebDriverException" message="An unknown server-side error occurred while processing the command. Original error: Could not proxy command to remote server. Original error: Error: socket hang up
Build info: version: &amp;apos;3.141.59&amp;apos;, revision: &amp;apos;e82be7d358&amp;apos;, time: &amp;apos;2018-11-14T08:17:03&amp;apos;
System info: host: &amp;apos;CPU-0163&amp;apos;, ip: &amp;apos;192.168.56.1&amp;apos;, os.name: &amp;apos;Windows 10&amp;apos;, os.arch: &amp;apos;amd64&amp;apos;, os.version: &amp;apos;10.0&amp;apos;, java.version: &amp;apos;17.0.1&amp;apos;
Driver info: io.appium.java_client.AppiumDriver
Capabilities {appActivity: za.co.travelstart.flapp.Mai..., appPackage: za.co.travelstart.flapp, automationName: UiAutomator2, databaseEnabled: false, desired: {appActivity: za.co.travelstart.flapp.Mai..., appPackage: za.co.travelstart.flapp, automationName: UiAutomator2, deviceName: SM G991U1, platformName: android, platformVersion: 12}, deviceApiLevel: 31, deviceManufacturer: samsung, deviceModel: SM-G991U1, deviceName: R5CR60BYE2X, deviceScreenDensity: 480, deviceScreenSize: 1080x2400, deviceUDID: R5CR60BYE2X, javascriptEnabled: true, locationContextEnabled: false, networkConnectionEnabled: true, pixelRatio: 3, platform: LINUX, platformName: Android, platformVersion: 12, statBarHeight: 79, takesScreenshot: true, viewportRect: {height: 2097, left: 0, top: 79, width: 1080}, warnings: {}, webStorageEnabled: false}
Session ID: b9039613-5bb1-42f9-8ea8-f1360c111dd0
*** Element info: {Using=xpath, value=//android.view.View[@index=&amp;apos;1&amp;apos;]}">
      <![CDATA[org.openqa.selenium.WebDriverException: An unknown server-side error occurred while processing the command. Original error: Could not proxy command to remote server. Original error: Error: socket hang up
Build info: version: '3.141.59', revision: 'e82be7d358', time: '2018-11-14T08:17:03'
System info: host: 'CPU-0163', ip: '192.168.56.1', os.name: 'Windows 10', os.arch: 'amd64', os.version: '10.0', java.version: '17.0.1'
Driver info: io.appium.java_client.AppiumDriver
Capabilities {appActivity: za.co.travelstart.flapp.Mai..., appPackage: za.co.travelstart.flapp, automationName: UiAutomator2, databaseEnabled: false, desired: {appActivity: za.co.travelstart.flapp.Mai..., appPackage: za.co.travelstart.flapp, automationName: UiAutomator2, deviceName: SM G991U1, platformName: android, platformVersion: 12}, deviceApiLevel: 31, deviceManufacturer: samsung, deviceModel: SM-G991U1, deviceName: R5CR60BYE2X, deviceScreenDensity: 480, deviceScreenSize: 1080x2400, deviceUDID: R5CR60BYE2X, javascriptEnabled: true, locationContextEnabled: false, networkConnectionEnabled: true, pixelRatio: 3, platform: LINUX, platformName: Android, platformVersion: 12, statBarHeight: 79, takesScreenshot: true, viewportRect: {height: 2097, left: 0, top: 79, width: 1080}, warnings: {}, webStorageEnabled: false}
Session ID: b9039613-5bb1-42f9-8ea8-f1360c111dd0
*** Element info: {Using=xpath, value=//android.view.View[@index='1']}
at org.openqa.selenium.remote.http.W3CHttpResponseCodec.createException(W3CHttpResponseCodec.java:187)
at org.openqa.selenium.remote.http.W3CHttpResponseCodec.decode(W3CHttpResponseCodec.java:122)
at org.openqa.selenium.remote.http.W3CHttpResponseCodec.decode(W3CHttpResponseCodec.java:49)
at org.openqa.selenium.remote.HttpCommandExecutor.execute(HttpCommandExecutor.java:158)
at io.appium.java_client.remote.AppiumCommandExecutor.execute(AppiumCommandExecutor.java:247)
at org.openqa.selenium.remote.RemoteWebDriver.execute(RemoteWebDriver.java:552)
at io.appium.java_client.DefaultGenericMobileDriver.execute(DefaultGenericMobileDriver.java:41)
at io.appium.java_client.AppiumDriver.execute(AppiumDriver.java:1)
at org.openqa.selenium.remote.RemoteWebDriver.findElement(RemoteWebDriver.java:323)
at io.appium.java_client.DefaultGenericMobileDriver.findElement(DefaultGenericMobileDriver.java:61)
at io.appium.java_client.AppiumDriver.findElement(AppiumDriver.java:1)
at org.openqa.selenium.remote.RemoteWebDriver.findElementByXPath(RemoteWebDriver.java:428)
at io.appium.java_client.DefaultGenericMobileDriver.findElementByXPath(DefaultGenericMobileDriver.java:151)
at io.appium.java_client.AppiumDriver.findElementByXPath(AppiumDriver.java:1)
at mobilePOM.TravelStart_Mobile_Index.Header(TravelStart_Mobile_Index.java:124)
at mobilePOM.TravelStart_Mobile_Index.verifyHeader(TravelStart_Mobile_Index.java:640)
at Utilities.ReusableMethods.verifysocialreuse(ReusableMethods.java:229)
at Mobile.GuestLogin.ValidateGuestLoginfromHomeScreen(GuestLogin.java:34)
at java.base/java.util.ArrayList.forEach(ArrayList.java:1511)
... Removed 32 stack frames]]>
    </failure>
  </testcase> <!-- ValidateGuestLoginfromHomeScreen -->
</testsuite> <!-- MobiWeb_Test -->
