<?xml version="1.0" encoding="UTF-8"?>
<testng-results ignored="0" total="1" passed="1" failed="0" skipped="0">
  <reporter-output>
  </reporter-output>
  <suite started-at="2022-03-28T18:30:18 IST" name="Default suite" finished-at="2022-03-28T18:30:43 IST" duration-ms="24913">
    <groups>
    </groups>
    <test started-at="2022-03-28T18:30:18 IST" name="Default test" finished-at="2022-03-28T18:30:43 IST" duration-ms="24913">
      <class name="Web.Preprod_Paid">
        <test-method is-config="true" signature="extent_report()[pri:0, instance:Web.Preprod_Paid@272113c4]" started-at="2022-03-28T18:30:17 IST" name="extent_report" finished-at="2022-03-28T18:30:18 IST" duration-ms="1267" status="PASS">
          <reporter-output>
          </reporter-output>
        </test-method> <!-- extent_report -->
        <test-method signature="DirectLogin()[pri:0, instance:Web.Preprod_Paid@272113c4]" started-at="2022-03-28T18:30:18 IST" name="DirectLogin" finished-at="2022-03-28T18:30:43 IST" duration-ms="24722" status="PASS">
          <reporter-output>
          </reporter-output>
        </test-method> <!-- DirectLogin -->
        <test-method is-config="true" signature="appium_server_stop(org.testng.ITestResult)[pri:0, instance:Web.Preprod_Paid@272113c4]" started-at="2022-03-28T18:30:43 IST" name="appium_server_stop" finished-at="2022-03-28T18:30:43 IST" duration-ms="164" status="PASS">
          <params>
            <param index="0">
              <value>
                <![CDATA[[TestResult name=DirectLogin status=SUCCESS method=Preprod_Paid.DirectLogin()[pri:0, instance:Web.Preprod_Paid@272113c4] output={null}]]]>
              </value>
            </param>
          </params>
          <reporter-output>
          </reporter-output>
        </test-method> <!-- appium_server_stop -->
        <test-method is-config="true" signature="flush_report()[pri:0, instance:Web.Preprod_Paid@272113c4]" started-at="2022-03-28T18:30:43 IST" name="flush_report" finished-at="2022-03-28T18:30:43 IST" duration-ms="282" status="PASS">
          <reporter-output>
          </reporter-output>
        </test-method> <!-- flush_report -->
      </class> <!-- Web.Preprod_Paid -->
    </test> <!-- Default test -->
  </suite> <!-- Default suite -->
</testng-results>
