<?xml version="1.0" encoding="UTF-8"?>
<!-- Generated by org.testng.reporters.JUnitXMLReporter -->
<testsuite ignored="2" hostname="CPU-0163" failures="0" tests="2" name="NativeApp Test" time="133.11" errors="0" timestamp="2021-12-22T11:54:19 IST">
  <testcase classname="Mobile.TC_001App" name="AppIndexPage" time="74.697"/>
  <testcase classname="Mobile.TC_002Login" name="Login" time="41.171"/>
  <testcase classname="Base.Mobile_Base" name="@AfterSuite flush" time="0.0">
    <ignored/>
  </testcase> <!-- @AfterSuite flush -->
  <testcase classname="Base.Mobile_Base" name="@BeforeSuite report" time="0.0">
    <ignored/>
  </testcase> <!-- @BeforeSuite report -->
</testsuite> <!-- NativeApp Test -->
